This file contains any messages produced by compilers while
running configure, to aid debugging if configure makes a mistake.

It was created by blktap configure 2.0.90, which was
generated by GNU Autoconf 2.63.  Invocation command line was

  $ ./configure --libdir=/usr/lib64 --prefix=/user --libexecdir=/usr/lib/xen/bin --no-create --no-recursion

## --------- ##
## Platform. ##
## --------- ##

hostname = supercloud
uname -m = x86_64
uname -r = 3.4.46-blanket
uname -s = Linux
uname -v = #3 SMP Mon Nov 2 22:59:01 UTC 2015

/usr/bin/uname -p = unknown
/bin/uname -X     = unknown

/bin/arch              = x86_64
/usr/bin/arch -k       = unknown
/usr/convex/getsysinfo = unknown
/usr/bin/hostinfo      = unknown
/bin/machine           = unknown
/usr/bin/oslevel       = unknown
/bin/universe          = unknown

PATH: /usr/lib64/qt-3.3/bin
PATH: /usr/local/sbin
PATH: /usr/local/bin
PATH: /sbin
PATH: /bin
PATH: /usr/sbin
PATH: /usr/bin
PATH: /root/bin


## ----------- ##
## Core tests. ##
## ----------- ##

configure:2076: checking for a BSD-compatible install
configure:2144: result: /usr/bin/install -c
configure:2155: checking whether build environment is sane
configure:2215: result: yes
configure:2356: checking for a thread-safe mkdir -p
configure:2395: result: /bin/mkdir -p
configure:2408: checking for gawk
configure:2424: found /bin/gawk
configure:2435: result: gawk
configure:2446: checking whether make sets $(MAKE)
configure:2468: result: yes
configure:2600: checking for gcc
configure:2616: found /usr/bin/gcc
configure:2627: result: gcc
configure:2859: checking for C compiler version
configure:2867: gcc --version >&5
gcc (GCC) 4.4.7 20120313 (Red Hat 4.4.7-16)
Copyright (C) 2010 Free Software Foundation, Inc.
This is free software; see the source for copying conditions.  There is NO
warranty; not even for MERCHANTABILITY or FITNESS FOR A PARTICULAR PURPOSE.

configure:2871: $? = 0
configure:2878: gcc -v >&5
Using built-in specs.
Target: x86_64-redhat-linux
Configured with: ../configure --prefix=/usr --mandir=/usr/share/man --infodir=/usr/share/info --with-bugurl=http://bugzilla.redhat.com/bugzilla --enable-bootstrap --enable-shared --enable-threads=posix --enable-checking=release --with-system-zlib --enable-__cxa_atexit --disable-libunwind-exceptions --enable-gnu-unique-object --enable-languages=c,c++,objc,obj-c++,java,fortran,ada --enable-java-awt=gtk --disable-dssi --with-java-home=/usr/lib/jvm/java-1.5.0-gcj-1.5.0.0/jre --enable-libgcj-multifile --enable-java-maintainer-mode --with-ecj-jar=/usr/share/java/eclipse-ecj.jar --disable-libjava-multilib --with-ppl --with-cloog --with-tune=generic --with-arch_32=i686 --build=x86_64-redhat-linux
Thread model: posix
gcc version 4.4.7 20120313 (Red Hat 4.4.7-16) (GCC) 
configure:2882: $? = 0
configure:2889: gcc -V >&5
gcc: '-V' option must have argument
configure:2893: $? = 1
configure:2916: checking for C compiler default output file name
configure:2938: gcc    conftest.c  >&5
configure:2942: $? = 0
configure:2980: result: a.out
configure:2999: checking whether the C compiler works
configure:3009: ./a.out
configure:3013: $? = 0
configure:3032: result: yes
configure:3039: checking whether we are cross compiling
configure:3041: result: no
configure:3044: checking for suffix of executables
configure:3051: gcc -o conftest    conftest.c  >&5
configure:3055: $? = 0
configure:3081: result: 
configure:3087: checking for suffix of object files
configure:3113: gcc -c   conftest.c >&5
configure:3117: $? = 0
configure:3142: result: o
configure:3146: checking whether we are using the GNU C compiler
configure:3175: gcc -c   conftest.c >&5
configure:3182: $? = 0
configure:3199: result: yes
configure:3208: checking whether gcc accepts -g
configure:3238: gcc -c -g  conftest.c >&5
configure:3245: $? = 0
configure:3346: result: yes
configure:3363: checking for gcc option to accept ISO C89
configure:3437: gcc  -c -g -O2  conftest.c >&5
configure:3444: $? = 0
configure:3467: result: none needed
configure:3496: checking for style of include used by make
configure:3524: result: GNU
configure:3549: checking dependency style of gcc
configure:3659: result: gcc3
configure:3705: checking build system type
configure:3723: result: x86_64-unknown-linux-gnu
configure:3745: checking host system type
configure:3760: result: x86_64-unknown-linux-gnu
configure:3782: checking for a sed that does not truncate output
configure:3848: result: /bin/sed
configure:3866: checking for grep that handles long lines and -e
configure:3926: result: /bin/grep
configure:3931: checking for egrep
configure:3995: result: /bin/grep -E
configure:4000: checking for fgrep
configure:4064: result: /bin/grep -F
configure:4099: checking for ld used by gcc
configure:4166: result: /usr/bin/ld
configure:4175: checking if the linker (/usr/bin/ld) is GNU ld
configure:4190: result: yes
configure:4202: checking for BSD- or MS-compatible name lister (nm)
configure:4251: result: /usr/bin/nm -B
configure:4369: checking the name lister (/usr/bin/nm -B) interface
configure:4376: gcc -c -g -O2  conftest.c >&5
configure:4379: /usr/bin/nm -B "conftest.o"
configure:4382: output
0000000000000000 B some_variable
configure:4389: result: BSD nm
configure:4392: checking whether ln -s works
configure:4396: result: yes
configure:4404: checking the maximum length of command line arguments
configure:4524: result: 1572864
configure:4541: checking whether the shell understands some XSI constructs
configure:4551: result: yes
configure:4555: checking whether the shell understands "+="
configure:4561: result: yes
configure:4596: checking for /usr/bin/ld option to reload object files
configure:4603: result: -r
configure:4672: checking for objdump
configure:4688: found /usr/bin/objdump
configure:4699: result: objdump
configure:4731: checking how to recognize dependent libraries
configure:4927: result: pass_all
configure:4987: checking for ar
configure:5003: found /usr/bin/ar
configure:5014: result: ar
configure:5092: checking for strip
configure:5108: found /usr/bin/strip
configure:5119: result: strip
configure:5191: checking for ranlib
configure:5207: found /usr/bin/ranlib
configure:5218: result: ranlib
configure:5308: checking command to parse /usr/bin/nm -B output from gcc object
configure:5426: gcc -c -g -O2  conftest.c >&5
configure:5429: $? = 0
configure:5433: /usr/bin/nm -B conftest.o \| sed -n -e 's/^.*[	 ]\([ABCDGIRSTW][ABCDGIRSTW]*\)[	 ][	 ]*\([_A-Za-z][_A-Za-z0-9]*\)$/\1 \2 \2/p' \> conftest.nm
configure:5436: $? = 0
configure:5490: gcc -o conftest -g -O2   conftest.c conftstm.o >&5
configure:5493: $? = 0
configure:5531: result: ok
configure:5627: gcc -c -g -O2  conftest.c >&5
configure:5630: $? = 0
configure:6398: checking how to run the C preprocessor
configure:6438: gcc -E  conftest.c
configure:6445: $? = 0
configure:6476: gcc -E  conftest.c
conftest.c:10:28: error: ac_nonexistent.h: No such file or directory
configure:6483: $? = 1
configure: failed program was:
| /* confdefs.h.  */
| #define PACKAGE_NAME "blktap"
| #define PACKAGE_TARNAME "blktap"
| #define PACKAGE_VERSION "2.0.90"
| #define PACKAGE_STRING "blktap 2.0.90"
| #define PACKAGE_BUGREPORT ""
| #define PACKAGE "blktap"
| #define VERSION "2.0.90"
| /* end confdefs.h.  */
| #include <ac_nonexistent.h>
configure:6516: result: gcc -E
configure:6545: gcc -E  conftest.c
configure:6552: $? = 0
configure:6583: gcc -E  conftest.c
conftest.c:10:28: error: ac_nonexistent.h: No such file or directory
configure:6590: $? = 1
configure: failed program was:
| /* confdefs.h.  */
| #define PACKAGE_NAME "blktap"
| #define PACKAGE_TARNAME "blktap"
| #define PACKAGE_VERSION "2.0.90"
| #define PACKAGE_STRING "blktap 2.0.90"
| #define PACKAGE_BUGREPORT ""
| #define PACKAGE "blktap"
| #define VERSION "2.0.90"
| /* end confdefs.h.  */
| #include <ac_nonexistent.h>
configure:6630: checking for ANSI C header files
configure:6660: gcc -c -g -O2  conftest.c >&5
configure:6667: $? = 0
configure:6766: gcc -o conftest -g -O2   conftest.c  >&5
configure:6770: $? = 0
configure:6776: ./conftest
configure:6780: $? = 0
configure:6798: result: yes
configure:6822: checking for sys/types.h
configure:6843: gcc -c -g -O2  conftest.c >&5
configure:6850: $? = 0
configure:6867: result: yes
configure:6822: checking for sys/stat.h
configure:6843: gcc -c -g -O2  conftest.c >&5
configure:6850: $? = 0
configure:6867: result: yes
configure:6822: checking for stdlib.h
configure:6843: gcc -c -g -O2  conftest.c >&5
configure:6850: $? = 0
configure:6867: result: yes
configure:6822: checking for string.h
configure:6843: gcc -c -g -O2  conftest.c >&5
configure:6850: $? = 0
configure:6867: result: yes
configure:6822: checking for memory.h
configure:6843: gcc -c -g -O2  conftest.c >&5
configure:6850: $? = 0
configure:6867: result: yes
configure:6822: checking for strings.h
configure:6843: gcc -c -g -O2  conftest.c >&5
configure:6850: $? = 0
configure:6867: result: yes
configure:6822: checking for inttypes.h
configure:6843: gcc -c -g -O2  conftest.c >&5
configure:6850: $? = 0
configure:6867: result: yes
configure:6822: checking for stdint.h
configure:6843: gcc -c -g -O2  conftest.c >&5
configure:6850: $? = 0
configure:6867: result: yes
configure:6822: checking for unistd.h
configure:6843: gcc -c -g -O2  conftest.c >&5
configure:6850: $? = 0
configure:6867: result: yes
configure:6885: checking for dlfcn.h
configure:6906: gcc -c -g -O2  conftest.c >&5
configure:6913: $? = 0
configure:6930: result: yes
configure:7116: checking for objdir
configure:7131: result: .libs
configure:7423: checking if gcc supports -fno-rtti -fno-exceptions
configure:7441: gcc -c -g -O2  -fno-rtti -fno-exceptions conftest.c >&5
cc1: warning: command line option "-fno-rtti" is valid for C++/ObjC++ but not for C
configure:7445: $? = 0
configure:7458: result: no
configure:7478: checking for gcc option to produce PIC
configure:7750: result: -fPIC -DPIC
configure:7762: checking if gcc PIC flag -fPIC -DPIC works
configure:7780: gcc -c -g -O2  -fPIC -DPIC -DPIC conftest.c >&5
configure:7784: $? = 0
configure:7797: result: yes
configure:7821: checking if gcc static flag -static works
configure:7849: result: no
configure:7864: checking if gcc supports -c -o file.o
configure:7885: gcc -c -g -O2  -o out/conftest2.o conftest.c >&5
configure:7889: $? = 0
configure:7911: result: yes
configure:7919: checking if gcc supports -c -o file.o
configure:7966: result: yes
configure:7999: checking whether the gcc linker (/usr/bin/ld -m elf_x86_64) supports shared libraries
configure:9073: result: yes
configure:9110: checking whether -lc should be explicitly linked in
configure:9115: gcc -c -g -O2  conftest.c >&5
configure:9118: $? = 0
configure:9133: gcc -shared conftest.o  -v -Wl,-soname -Wl,conftest -o conftest 2\>\&1 \| /bin/grep  -lc  \>/dev/null 2\>\&1
configure:9136: $? = 0
configure:9148: result: no
configure:9312: checking dynamic linker characteristics
configure:9755: gcc -o conftest -g -O2   -Wl,-rpath -Wl,/foo conftest.c  >&5
configure:9762: $? = 0
configure:9998: result: GNU/Linux ld.so
configure:10100: checking how to hardcode library paths into programs
configure:10125: result: immediate
configure:10958: checking whether stripping libraries is possible
configure:10963: result: yes
configure:10998: checking if libtool supports shared libraries
configure:11000: result: yes
configure:11003: checking whether to build shared libraries
configure:11024: result: yes
configure:11027: checking whether to build static libraries
configure:11031: result: yes
configure:11080: checking for a BSD-compatible install
configure:11148: result: /usr/bin/install -c
configure:11159: checking whether ln -s works
configure:11163: result: yes
configure:11170: checking whether make sets $(MAKE)
configure:11192: result: yes
configure:11201: checking host system type
configure:11216: result: x86_64-unknown-linux-gnu
configure:11245: checking for special C compiler options needed for large files
configure:11340: result: no
configure:11346: checking for _FILE_OFFSET_BITS value needed for large files
configure:11381: gcc -c -g -O2  conftest.c >&5
configure:11388: $? = 0
configure:11457: result: no
configure:11610: checking uuid/uuid.h usability
configure:11627: gcc -c -g -O2  conftest.c >&5
configure:11634: $? = 0
configure:11648: result: yes
configure:11652: checking uuid/uuid.h presence
configure:11667: gcc -E  conftest.c
configure:11674: $? = 0
configure:11688: result: yes
configure:11716: checking for uuid/uuid.h
configure:11725: result: yes
configure:11758: checking libaio.h usability
configure:11775: gcc -c -g -O2  conftest.c >&5
configure:11782: $? = 0
configure:11796: result: yes
configure:11800: checking libaio.h presence
configure:11815: gcc -E  conftest.c
configure:11822: $? = 0
configure:11836: result: yes
configure:11864: checking for libaio.h
configure:11873: result: yes
configure:11900: checking for main in -laio
configure:11929: gcc -o conftest -g -O2   conftest.c -laio   >&5
configure:11936: $? = 0
configure:11957: result: yes
configure:11968: checking for main in -luuid
configure:11997: gcc -o conftest -g -O2   conftest.c -luuid   >&5
configure:12004: $? = 0
configure:12025: result: yes
configure:12037: checking for main in -liconv
configure:12066: gcc -o conftest -g -O2   conftest.c -liconv   >&5
/usr/bin/ld: cannot find -liconv
collect2: ld returned 1 exit status
configure:12073: $? = 1
configure: failed program was:
| /* confdefs.h.  */
| #define PACKAGE_NAME "blktap"
| #define PACKAGE_TARNAME "blktap"
| #define PACKAGE_VERSION "2.0.90"
| #define PACKAGE_STRING "blktap 2.0.90"
| #define PACKAGE_BUGREPORT ""
| #define PACKAGE "blktap"
| #define VERSION "2.0.90"
| #define STDC_HEADERS 1
| #define HAVE_SYS_TYPES_H 1
| #define HAVE_SYS_STAT_H 1
| #define HAVE_STDLIB_H 1
| #define HAVE_STRING_H 1
| #define HAVE_MEMORY_H 1
| #define HAVE_STRINGS_H 1
| #define HAVE_INTTYPES_H 1
| #define HAVE_STDINT_H 1
| #define HAVE_UNISTD_H 1
| #define HAVE_DLFCN_H 1
| #define LT_OBJDIR ".libs/"
| #define HAVE_UUID_UUID_H 1
| #define HAVE_LIBAIO_H 1
| /* end confdefs.h.  */
| 
| 
| int
| main ()
| {
| return main ();
|   ;
|   return 0;
| }
configure:12094: result: no
configure:12382: creating ./config.status

## ---------------- ##
## Cache variables. ##
## ---------------- ##

ac_cv_build=x86_64-unknown-linux-gnu
ac_cv_c_compiler_gnu=yes
ac_cv_env_CC_set=
ac_cv_env_CC_value=
ac_cv_env_CFLAGS_set=
ac_cv_env_CFLAGS_value=
ac_cv_env_CPPFLAGS_set=
ac_cv_env_CPPFLAGS_value=
ac_cv_env_CPP_set=
ac_cv_env_CPP_value=
ac_cv_env_LDFLAGS_set=
ac_cv_env_LDFLAGS_value=
ac_cv_env_LIBS_set=
ac_cv_env_LIBS_value=
ac_cv_env_build_alias_set=
ac_cv_env_build_alias_value=
ac_cv_env_host_alias_set=
ac_cv_env_host_alias_value=
ac_cv_env_target_alias_set=
ac_cv_env_target_alias_value=
ac_cv_header_dlfcn_h=yes
ac_cv_header_inttypes_h=yes
ac_cv_header_libaio_h=yes
ac_cv_header_memory_h=yes
ac_cv_header_stdc=yes
ac_cv_header_stdint_h=yes
ac_cv_header_stdlib_h=yes
ac_cv_header_string_h=yes
ac_cv_header_strings_h=yes
ac_cv_header_sys_stat_h=yes
ac_cv_header_sys_types_h=yes
ac_cv_header_unistd_h=yes
ac_cv_header_uuid_uuid_h=yes
ac_cv_host=x86_64-unknown-linux-gnu
ac_cv_lib_aio_main=yes
ac_cv_lib_iconv_main=no
ac_cv_lib_uuid_main=yes
ac_cv_objext=o
ac_cv_path_EGREP='/bin/grep -E'
ac_cv_path_FGREP='/bin/grep -F'
ac_cv_path_GREP=/bin/grep
ac_cv_path_SED=/bin/sed
ac_cv_path_install='/usr/bin/install -c'
ac_cv_path_mkdir=/bin/mkdir
ac_cv_prog_AWK=gawk
ac_cv_prog_CPP='gcc -E'
ac_cv_prog_ac_ct_AR=ar
ac_cv_prog_ac_ct_CC=gcc
ac_cv_prog_ac_ct_OBJDUMP=objdump
ac_cv_prog_ac_ct_RANLIB=ranlib
ac_cv_prog_ac_ct_STRIP=strip
ac_cv_prog_cc_c89=
ac_cv_prog_cc_g=yes
ac_cv_prog_make_make_set=yes
ac_cv_sys_file_offset_bits=no
ac_cv_sys_largefile_CC=no
am_cv_CC_dependencies_compiler_type=gcc3
lt_cv_deplibs_check_method=pass_all
lt_cv_file_magic_cmd='$MAGIC_CMD'
lt_cv_file_magic_test_file=
lt_cv_ld_reload_flag=-r
lt_cv_nm_interface='BSD nm'
lt_cv_objdir=.libs
lt_cv_path_LD=/usr/bin/ld
lt_cv_path_NM='/usr/bin/nm -B'
lt_cv_prog_compiler_c_o=yes
lt_cv_prog_compiler_pic_works=yes
lt_cv_prog_compiler_rtti_exceptions=no
lt_cv_prog_compiler_static_works=no
lt_cv_prog_gnu_ld=yes
lt_cv_sys_global_symbol_pipe='sed -n -e '\''s/^.*[	 ]\([ABCDGIRSTW][ABCDGIRSTW]*\)[	 ][	 ]*\([_A-Za-z][_A-Za-z0-9]*\)$/\1 \2 \2/p'\'''
lt_cv_sys_global_symbol_to_c_name_address='sed -n -e '\''s/^: \([^ ]*\) $/  {\"\1\", (void *) 0},/p'\'' -e '\''s/^[ABCDGIRSTW]* \([^ ]*\) \([^ ]*\)$/  {"\2", (void *) \&\2},/p'\'''
lt_cv_sys_global_symbol_to_c_name_address_lib_prefix='sed -n -e '\''s/^: \([^ ]*\) $/  {\"\1\", (void *) 0},/p'\'' -e '\''s/^[ABCDGIRSTW]* \([^ ]*\) \(lib[^ ]*\)$/  {"\2", (void *) \&\2},/p'\'' -e '\''s/^[ABCDGIRSTW]* \([^ ]*\) \([^ ]*\)$/  {"lib\2", (void *) \&\2},/p'\'''
lt_cv_sys_global_symbol_to_cdecl='sed -n -e '\''s/^T .* \(.*\)$/extern int \1();/p'\'' -e '\''s/^[ABCDGIRSTW]* .* \(.*\)$/extern char \1;/p'\'''
lt_cv_sys_max_cmd_len=1572864

## ----------------- ##
## Output variables. ##
## ----------------- ##

ACLOCAL='${SHELL} /root/rpmbuild/BUILD/xen-4.2.2-hv/tools/blktap2/missing --run aclocal-1.11'
AMDEPBACKSLASH='\'
AMDEP_FALSE='#'
AMDEP_TRUE=''
AMTAR='${SHELL} /root/rpmbuild/BUILD/xen-4.2.2-hv/tools/blktap2/missing --run tar'
AR='ar'
AUTOCONF='${SHELL} /root/rpmbuild/BUILD/xen-4.2.2-hv/tools/blktap2/missing --run autoconf'
AUTOHEADER='${SHELL} /root/rpmbuild/BUILD/xen-4.2.2-hv/tools/blktap2/missing --run autoheader'
AUTOMAKE='${SHELL} /root/rpmbuild/BUILD/xen-4.2.2-hv/tools/blktap2/missing --run automake-1.11'
AWK='gawk'
CC='gcc'
CCDEPMODE='depmode=gcc3'
CFLAGS='-g -O2'
CPP='gcc -E'
CPPFLAGS=''
CYGPATH_W='echo'
DEFS='-DHAVE_CONFIG_H'
DEPDIR='.deps'
DSYMUTIL=''
DUMPBIN=''
ECHO_C=''
ECHO_N='-n'
ECHO_T=''
EGREP='/bin/grep -E'
ENABLE_PART_FALSE='#'
ENABLE_PART_TRUE=''
ENABLE_TESTS_FALSE=''
ENABLE_TESTS_TRUE='#'
ENABLE_VHDIO_FALSE='#'
ENABLE_VHDIO_TRUE=''
EXEEXT=''
FGREP='/bin/grep -F'
GREP='/bin/grep'
INSTALL_DATA='${INSTALL} -m 644'
INSTALL_PROGRAM='${INSTALL}'
INSTALL_SCRIPT='${INSTALL}'
INSTALL_STRIP_PROGRAM='$(install_sh) -c -s'
LD='/usr/bin/ld -m elf_x86_64'
LDFLAGS=''
LIBICONV=''
LIBOBJS=''
LIBS=''
LIBTOOL='$(SHELL) $(top_builddir)/libtool'
LIPO=''
LN_S='ln -s'
LTLIBOBJS=''
MAKEINFO='${SHELL} /root/rpmbuild/BUILD/xen-4.2.2-hv/tools/blktap2/missing --run makeinfo'
MKDIR_P='/bin/mkdir -p'
NM='/usr/bin/nm -B'
NMEDIT=''
OBJDUMP='objdump'
OBJEXT='o'
OTOOL64=''
OTOOL=''
PACKAGE='blktap'
PACKAGE_BUGREPORT=''
PACKAGE_NAME='blktap'
PACKAGE_STRING='blktap 2.0.90'
PACKAGE_TARNAME='blktap'
PACKAGE_VERSION='2.0.90'
PATH_SEPARATOR=':'
RANLIB='ranlib'
SED='/bin/sed'
SET_MAKE=''
SHELL='/bin/sh'
STRIP='strip'
VERSION='2.0.90'
ac_ct_CC='gcc'
ac_ct_DUMPBIN=''
am__EXEEXT_FALSE=''
am__EXEEXT_TRUE='#'
am__fastdepCC_FALSE='#'
am__fastdepCC_TRUE=''
am__include='include'
am__isrc=''
am__leading_dot='.'
am__quote=''
am__tar='${AMTAR} chof - "$$tardir"'
am__untar='${AMTAR} xf -'
bindir='${exec_prefix}/bin'
build='x86_64-unknown-linux-gnu'
build_alias=''
build_cpu='x86_64'
build_os='linux-gnu'
build_vendor='unknown'
datadir='${datarootdir}'
datarootdir='${prefix}/share'
docdir='${datarootdir}/doc/${PACKAGE_TARNAME}'
dvidir='${docdir}'
exec_prefix='${prefix}'
host='x86_64-unknown-linux-gnu'
host_alias=''
host_cpu='x86_64'
host_os='linux-gnu'
host_vendor='unknown'
htmldir='${docdir}'
includedir='${prefix}/include'
infodir='${datarootdir}/info'
install_sh='${SHELL} /root/rpmbuild/BUILD/xen-4.2.2-hv/tools/blktap2/install-sh'
libdir='/usr/lib64'
libexecdir='/usr/lib/xen/bin'
localedir='${datarootdir}/locale'
localstatedir='${prefix}/var'
lt_ECHO='echo'
mandir='${datarootdir}/man'
mkdir_p='/bin/mkdir -p'
oldincludedir='/usr/include'
pdfdir='${docdir}'
prefix='/user'
program_transform_name='s,x,x,'
psdir='${docdir}'
sbindir='${exec_prefix}/sbin'
sharedstatedir='${prefix}/com'
sysconfdir='${prefix}/etc'
target_alias=''

## ----------- ##
## confdefs.h. ##
## ----------- ##

#define PACKAGE_NAME "blktap"
#define PACKAGE_TARNAME "blktap"
#define PACKAGE_VERSION "2.0.90"
#define PACKAGE_STRING "blktap 2.0.90"
#define PACKAGE_BUGREPORT ""
#define PACKAGE "blktap"
#define VERSION "2.0.90"
#define STDC_HEADERS 1
#define HAVE_SYS_TYPES_H 1
#define HAVE_SYS_STAT_H 1
#define HAVE_STDLIB_H 1
#define HAVE_STRING_H 1
#define HAVE_MEMORY_H 1
#define HAVE_STRINGS_H 1
#define HAVE_INTTYPES_H 1
#define HAVE_STDINT_H 1
#define HAVE_UNISTD_H 1
#define HAVE_DLFCN_H 1
#define LT_OBJDIR ".libs/"
#define HAVE_UUID_UUID_H 1
#define HAVE_LIBAIO_H 1

configure: exit 0

## ---------------------- ##
## Running config.status. ##
## ---------------------- ##

This file was extended by blktap config.status 2.0.90, which was
generated by GNU Autoconf 2.63.  Invocation command line was

  CONFIG_FILES    = 
  CONFIG_HEADERS  = 
  CONFIG_LINKS    = 
  CONFIG_COMMANDS = 
  $ ./config.status 

on supercloud

config.status:1000: creating Makefile
config.status:1000: creating lvm/Makefile
config.status:1000: creating part/Makefile
config.status:1000: creating vhd/Makefile
config.status:1000: creating vhd/lib/Makefile
config.status:1000: creating vhd/lib/test/Makefile
config.status:1000: creating control/Makefile
config.status:1000: creating drivers/Makefile
config.status:1000: creating include/Makefile
config.status:1000: creating config.h
config.status:1222: config.h is unchanged
config.status:1274: executing depfiles commands
config.status:1274: executing libtool commands
