This file contains any messages produced by compilers while
running configure, to aid debugging if configure makes a mistake.

It was created by Xen Hypervisor configure 4.2, which was
generated by GNU Autoconf 2.67.  Invocation command line was

  $ ./configure 

## --------- ##
## Platform. ##
## --------- ##

hostname = xenserver248
uname -m = x86_64
uname -r = 3.4.53-8.el6.centos.alt.x86_64
uname -s = Linux
uname -v = #1 SMP Wed Jul 17 22:12:15 UTC 2013

/usr/bin/uname -p = unknown
/bin/uname -X     = unknown

/bin/arch              = x86_64
/usr/bin/arch -k       = unknown
/usr/convex/getsysinfo = unknown
/usr/bin/hostinfo      = unknown
/bin/machine           = unknown
/usr/bin/oslevel       = unknown
/bin/universe          = unknown

PATH: /usr/local/sbin
PATH: /usr/local/bin
PATH: /sbin
PATH: /bin
PATH: /usr/sbin
PATH: /usr/bin


## ----------- ##
## Core tests. ##
## ----------- ##

configure:2196: checking build system type
configure:2210: result: x86_64-unknown-linux-gnu
configure:2230: checking host system type
configure:2243: result: x86_64-unknown-linux-gnu
configure:2735: checking for gcc
configure:2751: found /usr/bin/gcc
configure:2762: result: gcc
configure:2991: checking for C compiler version
configure:3000: gcc --version >&5
gcc (GCC) 4.4.7 20120313 (Red Hat 4.4.7-4)
Copyright (C) 2010 Free Software Foundation, Inc.
This is free software; see the source for copying conditions.  There is NO
warranty; not even for MERCHANTABILITY or FITNESS FOR A PARTICULAR PURPOSE.

configure:3011: $? = 0
configure:3000: gcc -v >&5
Using built-in specs.
Target: x86_64-redhat-linux
Configured with: ../configure --prefix=/usr --mandir=/usr/share/man --infodir=/usr/share/info --with-bugurl=http://bugzilla.redhat.com/bugzilla --enable-bootstrap --enable-shared --enable-threads=posix --enable-checking=release --with-system-zlib --enable-__cxa_atexit --disable-libunwind-exceptions --enable-gnu-unique-object --enable-languages=c,c++,objc,obj-c++,java,fortran,ada --enable-java-awt=gtk --disable-dssi --with-java-home=/usr/lib/jvm/java-1.5.0-gcj-1.5.0.0/jre --enable-libgcj-multifile --enable-java-maintainer-mode --with-ecj-jar=/usr/share/java/eclipse-ecj.jar --disable-libjava-multilib --with-ppl --with-cloog --with-tune=generic --with-arch_32=i686 --build=x86_64-redhat-linux
Thread model: posix
gcc version 4.4.7 20120313 (Red Hat 4.4.7-4) (GCC) 
configure:3011: $? = 0
configure:3000: gcc -V >&5
gcc: '-V' option must have argument
configure:3011: $? = 1
configure:3000: gcc -qversion >&5
gcc: unrecognized option '-qversion'
gcc: no input files
configure:3011: $? = 1
configure:3031: checking whether the C compiler works
configure:3053: gcc        conftest.c  >&5
configure:3057: $? = 0
configure:3105: result: yes
configure:3108: checking for C compiler default output file name
configure:3110: result: a.out
configure:3116: checking for suffix of executables
configure:3123: gcc -o conftest        conftest.c  >&5
configure:3127: $? = 0
configure:3149: result: 
configure:3171: checking whether we are cross compiling
configure:3179: gcc -o conftest        conftest.c  >&5
configure:3183: $? = 0
configure:3190: ./conftest
configure:3194: $? = 0
configure:3209: result: no
configure:3214: checking for suffix of object files
configure:3236: gcc -c     conftest.c >&5
configure:3240: $? = 0
configure:3261: result: o
configure:3265: checking whether we are using the GNU C compiler
configure:3284: gcc -c     conftest.c >&5
configure:3284: $? = 0
configure:3293: result: yes
configure:3302: checking whether gcc accepts -g
configure:3322: gcc -c -g    conftest.c >&5
configure:3322: $? = 0
configure:3363: result: yes
configure:3380: checking for gcc option to accept ISO C89
configure:3444: gcc  -c -g -O2    conftest.c >&5
configure:3444: $? = 0
configure:3457: result: none needed
configure:3477: checking whether make sets $(MAKE)
configure:3499: result: yes
configure:3522: checking for a BSD-compatible install
configure:3590: result: /usr/bin/install -c
configure:3603: checking for bison
configure:3636: result: no
configure:3643: checking for flex
configure:3676: result: no
configure:3683: checking for perl
configure:3701: found /usr/bin/perl
configure:3714: result: /usr/bin/perl
configure:3866: checking for ocamlc
configure:3882: found /usr/bin/ocamlc
configure:3893: result: ocamlc
configure:3918: result: OCaml version is 4.00.1
configure:3927: result: OCaml library path is /usr/lib64/ocaml
configure:3977: checking for ocamlopt
configure:3993: found /usr/bin/ocamlopt
configure:4004: result: ocamlopt
configure:4087: checking for ocamlc.opt
configure:4103: found /usr/bin/ocamlc.opt
configure:4114: result: ocamlc.opt
configure:4191: checking for ocamlopt.opt
configure:4207: found /usr/bin/ocamlopt.opt
configure:4218: result: ocamlopt.opt
configure:4300: checking for ocaml
configure:4316: found /usr/bin/ocaml
configure:4327: result: ocaml
configure:4394: checking for ocamldep
configure:4410: found /usr/bin/ocamldep
configure:4421: result: ocamldep
configure:4488: checking for ocamlmktop
configure:4504: found /usr/bin/ocamlmktop
configure:4515: result: ocamlmktop
configure:4582: checking for ocamlmklib
configure:4598: found /usr/bin/ocamlmklib
configure:4609: result: ocamlmklib
configure:4676: checking for ocamldoc
configure:4706: result: no
configure:4770: checking for ocamlbuild
configure:4786: found /usr/bin/ocamlbuild
configure:4797: result: ocamlbuild
configure:4833: checking for bash
configure:4864: result: /bin/sh
configure:4888: checking for python
configure:4906: found /usr/bin/python
configure:4919: result: /usr/bin/python
configure:4931: checking for python version >= 2.3 
configure:4941: result: yes
configure:4950: checking how to run the C preprocessor
configure:4981: gcc -E    conftest.c
configure:4981: $? = 0
configure:4995: gcc -E    conftest.c
conftest.c:9:28: error: ac_nonexistent.h: No such file or directory
configure:4995: $? = 1
configure: failed program was:
| /* confdefs.h */
| #define PACKAGE_NAME "Xen Hypervisor"
| #define PACKAGE_TARNAME "xen-hypervisor"
| #define PACKAGE_VERSION "4.2"
| #define PACKAGE_STRING "Xen Hypervisor 4.2"
| #define PACKAGE_BUGREPORT "xen-devel@lists.xen.org"
| #define PACKAGE_URL ""
| /* end confdefs.h.  */
| #include <ac_nonexistent.h>
configure:5020: result: gcc -E
configure:5040: gcc -E    conftest.c
configure:5040: $? = 0
configure:5054: gcc -E    conftest.c
conftest.c:9:28: error: ac_nonexistent.h: No such file or directory
configure:5054: $? = 1
configure: failed program was:
| /* confdefs.h */
| #define PACKAGE_NAME "Xen Hypervisor"
| #define PACKAGE_TARNAME "xen-hypervisor"
| #define PACKAGE_VERSION "4.2"
| #define PACKAGE_STRING "Xen Hypervisor 4.2"
| #define PACKAGE_BUGREPORT "xen-devel@lists.xen.org"
| #define PACKAGE_URL ""
| /* end confdefs.h.  */
| #include <ac_nonexistent.h>
configure:5083: checking for grep that handles long lines and -e
configure:5141: result: /bin/grep
configure:5146: checking for egrep
configure:5208: result: /bin/grep -E
configure:5213: checking for ANSI C header files
configure:5233: gcc -c -g -O2    conftest.c >&5
configure:5233: $? = 0
configure:5306: gcc -o conftest -g -O2       conftest.c  >&5
configure:5306: $? = 0
configure:5306: ./conftest
configure:5306: $? = 0
configure:5317: result: yes
configure:5330: checking for sys/types.h
configure:5330: gcc -c -g -O2    conftest.c >&5
configure:5330: $? = 0
configure:5330: result: yes
configure:5330: checking for sys/stat.h
configure:5330: gcc -c -g -O2    conftest.c >&5
configure:5330: $? = 0
configure:5330: result: yes
configure:5330: checking for stdlib.h
configure:5330: gcc -c -g -O2    conftest.c >&5
configure:5330: $? = 0
configure:5330: result: yes
configure:5330: checking for string.h
configure:5330: gcc -c -g -O2    conftest.c >&5
configure:5330: $? = 0
configure:5330: result: yes
configure:5330: checking for memory.h
configure:5330: gcc -c -g -O2    conftest.c >&5
configure:5330: $? = 0
configure:5330: result: yes
configure:5330: checking for strings.h
configure:5330: gcc -c -g -O2    conftest.c >&5
configure:5330: $? = 0
configure:5330: result: yes
configure:5330: checking for inttypes.h
configure:5330: gcc -c -g -O2    conftest.c >&5
configure:5330: $? = 0
configure:5330: result: yes
configure:5330: checking for stdint.h
configure:5330: gcc -c -g -O2    conftest.c >&5
configure:5330: $? = 0
configure:5330: result: yes
configure:5330: checking for unistd.h
configure:5330: gcc -c -g -O2    conftest.c >&5
configure:5330: $? = 0
configure:5330: result: yes
configure:5349: checking for python-config
configure:5367: found /usr/bin/python-config
configure:5380: result: /usr/bin/python-config
configure:5413: checking Python.h usability
configure:5413: gcc -c -g -O2 -g -O2 -I/usr/include/python2.6 -I/usr/include/python2.6 -fno-strict-aliasing -O2 -g -pipe -Wall -Wp,-D_FORTIFY_SOURCE=2 -fexceptions -fstack-protector --param=ssp-buffer-size=4 -m64 -mtune=generic -D_GNU_SOURCE -fPIC -fwrapv -DNDEBUG -O2 -g -pipe -Wall -Wp,-D_FORTIFY_SOURCE=2 -fexceptions -fstack-protector --param=ssp-buffer-size=4 -m64 -mtune=generic -D_GNU_SOURCE -fPIC -fwrapv conftest.c >&5
In file included from /usr/include/python2.6/pyconfig.h:6,
                 from /usr/include/python2.6/Python.h:8,
                 from conftest.c:52:
/usr/include/python2.6/pyconfig-64.h:1034:1: warning: "_POSIX_C_SOURCE" redefined
In file included from /usr/include/stdio.h:28,
                 from conftest.c:19:
/usr/include/features.h:162:1: warning: this is the location of the previous definition
In file included from /usr/include/python2.6/pyconfig.h:6,
                 from /usr/include/python2.6/Python.h:8,
                 from conftest.c:52:
/usr/include/python2.6/pyconfig-64.h:1043:1: warning: "_XOPEN_SOURCE" redefined
In file included from /usr/include/stdio.h:28,
                 from conftest.c:19:
/usr/include/features.h:164:1: warning: this is the location of the previous definition
configure:5413: $? = 0
configure:5413: result: yes
configure:5413: checking Python.h presence
configure:5413: gcc -E -g -O2 -I/usr/include/python2.6 -I/usr/include/python2.6 -fno-strict-aliasing -O2 -g -pipe -Wall -Wp,-D_FORTIFY_SOURCE=2 -fexceptions -fstack-protector --param=ssp-buffer-size=4 -m64 -mtune=generic -D_GNU_SOURCE -fPIC -fwrapv -DNDEBUG -O2 -g -pipe -Wall -Wp,-D_FORTIFY_SOURCE=2 -fexceptions -fstack-protector --param=ssp-buffer-size=4 -m64 -mtune=generic -D_GNU_SOURCE -fPIC -fwrapv conftest.c
configure:5413: $? = 0
configure:5413: result: yes
configure:5413: checking for Python.h
configure:5413: result: yes
configure:5422: checking for PyArg_ParseTuple in -lpython2.6
configure:5447: gcc -o conftest -g -O2 -g -O2 -I/usr/include/python2.6 -I/usr/include/python2.6 -fno-strict-aliasing -O2 -g -pipe -Wall -Wp,-D_FORTIFY_SOURCE=2 -fexceptions -fstack-protector --param=ssp-buffer-size=4 -m64 -mtune=generic -D_GNU_SOURCE -fPIC -fwrapv -DNDEBUG -O2 -g -pipe -Wall -Wp,-D_FORTIFY_SOURCE=2 -fexceptions -fstack-protector --param=ssp-buffer-size=4 -m64 -mtune=generic -D_GNU_SOURCE -fPIC -fwrapv    -lpthread -ldl -lutil -lm -lpython2.6 conftest.c -lpython2.6   >&5
configure:5447: $? = 0
configure:5457: result: yes
configure:5475: checking for xgettext
configure:5493: found /usr/bin/xgettext
configure:5506: result: /usr/bin/xgettext
configure:5522: checking for as86
configure:5540: found /usr/bin/as86
configure:5553: result: /usr/bin/as86
configure:5567: checking for ld86
configure:5585: found /usr/bin/ld86
configure:5598: result: /usr/bin/ld86
configure:5612: checking for bcc
configure:5630: found /usr/bin/bcc
configure:5643: result: /usr/bin/bcc
configure:5657: checking for iasl
configure:5675: found /usr/bin/iasl
configure:5688: result: /usr/bin/iasl
configure:5703: checking uuid/uuid.h usability
configure:5703: gcc -c -g -O2    conftest.c >&5
configure:5703: $? = 0
configure:5703: result: yes
configure:5703: checking uuid/uuid.h presence
configure:5703: gcc -E    conftest.c
configure:5703: $? = 0
configure:5703: result: yes
configure:5703: checking for uuid/uuid.h
configure:5703: result: yes
configure:5706: checking for uuid_clear in -luuid
configure:5731: gcc -o conftest -g -O2       -lpthread -ldl -lutil -lm -lpython2.6 conftest.c -luuid  -lpython2.6  >&5
configure:5731: $? = 0
configure:5740: result: yes
configure:5750: checking uuid.h usability
configure:5750: gcc -c -g -O2    conftest.c >&5
configure:5750: $? = 0
configure:5750: result: yes
configure:5750: checking uuid.h presence
configure:5750: gcc -E    conftest.c
configure:5750: $? = 0
configure:5750: result: yes
configure:5750: checking for uuid.h
configure:5750: result: yes
configure:5763: checking curses.h usability
configure:5763: gcc -c -g -O2    conftest.c >&5
configure:5763: $? = 0
configure:5763: result: yes
configure:5763: checking curses.h presence
configure:5763: gcc -E    conftest.c
configure:5763: $? = 0
configure:5763: result: yes
configure:5763: checking for curses.h
configure:5763: result: yes
configure:5766: checking for clear in -lcurses
configure:5791: gcc -o conftest -g -O2       -lpthread -ldl -lutil -lm -lpython2.6 conftest.c -lcurses  -lpython2.6  >&5
configure:5791: $? = 0
configure:5800: result: yes
configure:5814: checking ncurses.h usability
configure:5814: gcc -c -g -O2    conftest.c >&5
configure:5814: $? = 0
configure:5814: result: yes
configure:5814: checking ncurses.h presence
configure:5814: gcc -E    conftest.c
configure:5814: $? = 0
configure:5814: result: yes
configure:5814: checking for ncurses.h
configure:5814: result: yes
configure:5817: checking for clear in -lncurses
configure:5842: gcc -o conftest -g -O2       -lpthread -ldl -lutil -lm -lpython2.6 conftest.c -lncurses  -lpython2.6  >&5
configure:5842: $? = 0
configure:5851: result: yes
configure:5941: checking for pkg-config
configure:5959: found /usr/bin/pkg-config
configure:5971: result: /usr/bin/pkg-config
configure:5996: checking pkg-config is at least version 0.9.0
configure:5999: result: yes
configure:6009: checking for glib
configure:6016: $PKG_CONFIG --exists --print-errors "glib-2.0 >= 2.12"
configure:6019: $? = 0
configure:6032: $PKG_CONFIG --exists --print-errors "glib-2.0 >= 2.12"
configure:6035: $? = 0
configure:6092: result: yes
configure:6098: checking bzlib.h usability
configure:6098: gcc -c -g -O2    conftest.c >&5
configure:6098: $? = 0
configure:6098: result: yes
configure:6098: checking bzlib.h presence
configure:6098: gcc -E    conftest.c
configure:6098: $? = 0
configure:6098: result: yes
configure:6098: checking for bzlib.h
configure:6098: result: yes
configure:6101: checking for BZ2_bzDecompressInit in -lbz2
configure:6126: gcc -o conftest -g -O2       -lpthread -ldl -lutil -lm -lpython2.6 conftest.c -lbz2  -lpython2.6  >&5
configure:6126: $? = 0
configure:6135: result: yes
configure:6145: checking lzma.h usability
configure:6145: gcc -c -g -O2    conftest.c >&5
configure:6145: $? = 0
configure:6145: result: yes
configure:6145: checking lzma.h presence
configure:6145: gcc -E    conftest.c
configure:6145: $? = 0
configure:6145: result: yes
configure:6145: checking for lzma.h
configure:6145: result: yes
configure:6148: checking for lzma_stream_decoder in -llzma
configure:6173: gcc -o conftest -g -O2       -lpthread -ldl -lutil -lm -lpython2.6 conftest.c -llzma  -lpython2.6  >&5
configure:6173: $? = 0
configure:6182: result: yes
configure:6192: checking lzo/lzo1x.h usability
configure:6192: gcc -c -g -O2    conftest.c >&5
conftest.c:54:23: error: lzo/lzo1x.h: No such file or directory
configure:6192: $? = 1
configure: failed program was:
| /* confdefs.h */
| #define PACKAGE_NAME "Xen Hypervisor"
| #define PACKAGE_TARNAME "xen-hypervisor"
| #define PACKAGE_VERSION "4.2"
| #define PACKAGE_STRING "Xen Hypervisor 4.2"
| #define PACKAGE_BUGREPORT "xen-devel@lists.xen.org"
| #define PACKAGE_URL ""
| #define STDC_HEADERS 1
| #define HAVE_SYS_TYPES_H 1
| #define HAVE_SYS_STAT_H 1
| #define HAVE_STDLIB_H 1
| #define HAVE_STRING_H 1
| #define HAVE_MEMORY_H 1
| #define HAVE_STRINGS_H 1
| #define HAVE_INTTYPES_H 1
| #define HAVE_STDINT_H 1
| #define HAVE_UNISTD_H 1
| #define HAVE_LIBPYTHON2_6 1
| #define INCLUDE_CURSES_H <ncurses.h>
| /* end confdefs.h.  */
| #include <stdio.h>
| #ifdef HAVE_SYS_TYPES_H
| # include <sys/types.h>
| #endif
| #ifdef HAVE_SYS_STAT_H
| # include <sys/stat.h>
| #endif
| #ifdef STDC_HEADERS
| # include <stdlib.h>
| # include <stddef.h>
| #else
| # ifdef HAVE_STDLIB_H
| #  include <stdlib.h>
| # endif
| #endif
| #ifdef HAVE_STRING_H
| # if !defined STDC_HEADERS && defined HAVE_MEMORY_H
| #  include <memory.h>
| # endif
| # include <string.h>
| #endif
| #ifdef HAVE_STRINGS_H
| # include <strings.h>
| #endif
| #ifdef HAVE_INTTYPES_H
| # include <inttypes.h>
| #endif
| #ifdef HAVE_STDINT_H
| # include <stdint.h>
| #endif
| #ifdef HAVE_UNISTD_H
| # include <unistd.h>
| #endif
| #include <lzo/lzo1x.h>
configure:6192: result: no
configure:6192: checking lzo/lzo1x.h presence
configure:6192: gcc -E    conftest.c
conftest.c:21:23: error: lzo/lzo1x.h: No such file or directory
configure:6192: $? = 1
configure: failed program was:
| /* confdefs.h */
| #define PACKAGE_NAME "Xen Hypervisor"
| #define PACKAGE_TARNAME "xen-hypervisor"
| #define PACKAGE_VERSION "4.2"
| #define PACKAGE_STRING "Xen Hypervisor 4.2"
| #define PACKAGE_BUGREPORT "xen-devel@lists.xen.org"
| #define PACKAGE_URL ""
| #define STDC_HEADERS 1
| #define HAVE_SYS_TYPES_H 1
| #define HAVE_SYS_STAT_H 1
| #define HAVE_STDLIB_H 1
| #define HAVE_STRING_H 1
| #define HAVE_MEMORY_H 1
| #define HAVE_STRINGS_H 1
| #define HAVE_INTTYPES_H 1
| #define HAVE_STDINT_H 1
| #define HAVE_UNISTD_H 1
| #define HAVE_LIBPYTHON2_6 1
| #define INCLUDE_CURSES_H <ncurses.h>
| /* end confdefs.h.  */
| #include <lzo/lzo1x.h>
configure:6192: result: no
configure:6192: checking for lzo/lzo1x.h
configure:6192: result: no
configure:6240: checking for io_setup in -laio
configure:6265: gcc -o conftest -g -O2       -lpthread -ldl -lutil -lm -lpython2.6 conftest.c -laio  -lpython2.6  >&5
configure:6265: $? = 0
configure:6274: result: yes
configure:6283: checking for MD5 in -lcrypto
configure:6308: gcc -o conftest -g -O2       -lpthread -ldl -lutil -lm -lpython2.6 conftest.c -lcrypto  -lpython2.6  >&5
configure:6308: $? = 0
configure:6317: result: yes
configure:6331: checking ext2fs/ext2fs.h usability
configure:6331: gcc -c -g -O2    conftest.c >&5
configure:6331: $? = 0
configure:6331: result: yes
configure:6331: checking ext2fs/ext2fs.h presence
configure:6331: gcc -E    conftest.c
configure:6331: $? = 0
configure:6331: result: yes
configure:6331: checking for ext2fs/ext2fs.h
configure:6331: result: yes
configure:6334: checking for ext2fs_open2 in -lext2fs
configure:6359: gcc -o conftest -g -O2       -lpthread -ldl -lutil -lm -lpython2.6 conftest.c -lext2fs  -lcrypto -lpython2.6  >&5
configure:6359: $? = 0
configure:6368: result: yes
configure:6383: checking ext4fs/ext2fs.h usability
configure:6383: gcc -c -g -O2    conftest.c >&5
conftest.c:56:27: error: ext4fs/ext2fs.h: No such file or directory
configure:6383: $? = 1
configure: failed program was:
| /* confdefs.h */
| #define PACKAGE_NAME "Xen Hypervisor"
| #define PACKAGE_TARNAME "xen-hypervisor"
| #define PACKAGE_VERSION "4.2"
| #define PACKAGE_STRING "Xen Hypervisor 4.2"
| #define PACKAGE_BUGREPORT "xen-devel@lists.xen.org"
| #define PACKAGE_URL ""
| #define STDC_HEADERS 1
| #define HAVE_SYS_TYPES_H 1
| #define HAVE_SYS_STAT_H 1
| #define HAVE_STDLIB_H 1
| #define HAVE_STRING_H 1
| #define HAVE_MEMORY_H 1
| #define HAVE_STRINGS_H 1
| #define HAVE_INTTYPES_H 1
| #define HAVE_STDINT_H 1
| #define HAVE_UNISTD_H 1
| #define HAVE_LIBPYTHON2_6 1
| #define INCLUDE_CURSES_H <ncurses.h>
| #define HAVE_LIBCRYPTO 1
| #define INCLUDE_EXTFS_H <ext2fs/ext2fs.h>
| /* end confdefs.h.  */
| #include <stdio.h>
| #ifdef HAVE_SYS_TYPES_H
| # include <sys/types.h>
| #endif
| #ifdef HAVE_SYS_STAT_H
| # include <sys/stat.h>
| #endif
| #ifdef STDC_HEADERS
| # include <stdlib.h>
| # include <stddef.h>
| #else
| # ifdef HAVE_STDLIB_H
| #  include <stdlib.h>
| # endif
| #endif
| #ifdef HAVE_STRING_H
| # if !defined STDC_HEADERS && defined HAVE_MEMORY_H
| #  include <memory.h>
| # endif
| # include <string.h>
| #endif
| #ifdef HAVE_STRINGS_H
| # include <strings.h>
| #endif
| #ifdef HAVE_INTTYPES_H
| # include <inttypes.h>
| #endif
| #ifdef HAVE_STDINT_H
| # include <stdint.h>
| #endif
| #ifdef HAVE_UNISTD_H
| # include <unistd.h>
| #endif
| #include <ext4fs/ext2fs.h>
configure:6383: result: no
configure:6383: checking ext4fs/ext2fs.h presence
configure:6383: gcc -E    conftest.c
conftest.c:23:27: error: ext4fs/ext2fs.h: No such file or directory
configure:6383: $? = 1
configure: failed program was:
| /* confdefs.h */
| #define PACKAGE_NAME "Xen Hypervisor"
| #define PACKAGE_TARNAME "xen-hypervisor"
| #define PACKAGE_VERSION "4.2"
| #define PACKAGE_STRING "Xen Hypervisor 4.2"
| #define PACKAGE_BUGREPORT "xen-devel@lists.xen.org"
| #define PACKAGE_URL ""
| #define STDC_HEADERS 1
| #define HAVE_SYS_TYPES_H 1
| #define HAVE_SYS_STAT_H 1
| #define HAVE_STDLIB_H 1
| #define HAVE_STRING_H 1
| #define HAVE_MEMORY_H 1
| #define HAVE_STRINGS_H 1
| #define HAVE_INTTYPES_H 1
| #define HAVE_STDINT_H 1
| #define HAVE_UNISTD_H 1
| #define HAVE_LIBPYTHON2_6 1
| #define INCLUDE_CURSES_H <ncurses.h>
| #define HAVE_LIBCRYPTO 1
| #define INCLUDE_EXTFS_H <ext2fs/ext2fs.h>
| /* end confdefs.h.  */
| #include <ext4fs/ext2fs.h>
configure:6383: result: no
configure:6383: checking for ext4fs/ext2fs.h
configure:6383: result: no
configure:6437: checking for gcry_md_hash_buffer in -lgcrypt
configure:6462: gcc -o conftest -g -O2       -lpthread -ldl -lutil -lm -lpython2.6 conftest.c -lgcrypt  -lcrypto -lpython2.6  >&5
/usr/bin/ld: cannot find -lgcrypt
collect2: ld returned 1 exit status
configure:6462: $? = 1
configure: failed program was:
| /* confdefs.h */
| #define PACKAGE_NAME "Xen Hypervisor"
| #define PACKAGE_TARNAME "xen-hypervisor"
| #define PACKAGE_VERSION "4.2"
| #define PACKAGE_STRING "Xen Hypervisor 4.2"
| #define PACKAGE_BUGREPORT "xen-devel@lists.xen.org"
| #define PACKAGE_URL ""
| #define STDC_HEADERS 1
| #define HAVE_SYS_TYPES_H 1
| #define HAVE_SYS_STAT_H 1
| #define HAVE_STDLIB_H 1
| #define HAVE_STRING_H 1
| #define HAVE_MEMORY_H 1
| #define HAVE_STRINGS_H 1
| #define HAVE_INTTYPES_H 1
| #define HAVE_STDINT_H 1
| #define HAVE_UNISTD_H 1
| #define HAVE_LIBPYTHON2_6 1
| #define INCLUDE_CURSES_H <ncurses.h>
| #define HAVE_LIBCRYPTO 1
| #define INCLUDE_EXTFS_H <ext2fs/ext2fs.h>
| /* end confdefs.h.  */
| 
| /* Override any GCC internal prototype to avoid an error.
|    Use char because int might match the return type of a GCC
|    builtin and then its argument prototype would still apply.  */
| #ifdef __cplusplus
| extern "C"
| #endif
| char gcry_md_hash_buffer ();
| int
| main ()
| {
| return gcry_md_hash_buffer ();
|   ;
|   return 0;
| }
configure:6471: result: no
configure:6481: checking for pthread flag
configure:6517: gcc -o conftest -g -O2 -pthread       -lpthread -ldl -lutil -lm -lpython2.6 -pthread conftest.c -lcrypto -lpython2.6   >&5
configure:6517: $? = 0
configure:6533: result: -pthread
configure:6550: checking libutil.h usability
configure:6550: gcc -c -g -O2    -Werror conftest.c >&5
conftest.c:56:21: error: libutil.h: No such file or directory
configure:6550: $? = 1
configure: failed program was:
| /* confdefs.h */
| #define PACKAGE_NAME "Xen Hypervisor"
| #define PACKAGE_TARNAME "xen-hypervisor"
| #define PACKAGE_VERSION "4.2"
| #define PACKAGE_STRING "Xen Hypervisor 4.2"
| #define PACKAGE_BUGREPORT "xen-devel@lists.xen.org"
| #define PACKAGE_URL ""
| #define STDC_HEADERS 1
| #define HAVE_SYS_TYPES_H 1
| #define HAVE_SYS_STAT_H 1
| #define HAVE_STDLIB_H 1
| #define HAVE_STRING_H 1
| #define HAVE_MEMORY_H 1
| #define HAVE_STRINGS_H 1
| #define HAVE_INTTYPES_H 1
| #define HAVE_STDINT_H 1
| #define HAVE_UNISTD_H 1
| #define HAVE_LIBPYTHON2_6 1
| #define INCLUDE_CURSES_H <ncurses.h>
| #define HAVE_LIBCRYPTO 1
| #define INCLUDE_EXTFS_H <ext2fs/ext2fs.h>
| /* end confdefs.h.  */
| #include <stdio.h>
| #ifdef HAVE_SYS_TYPES_H
| # include <sys/types.h>
| #endif
| #ifdef HAVE_SYS_STAT_H
| # include <sys/stat.h>
| #endif
| #ifdef STDC_HEADERS
| # include <stdlib.h>
| # include <stddef.h>
| #else
| # ifdef HAVE_STDLIB_H
| #  include <stdlib.h>
| # endif
| #endif
| #ifdef HAVE_STRING_H
| # if !defined STDC_HEADERS && defined HAVE_MEMORY_H
| #  include <memory.h>
| # endif
| # include <string.h>
| #endif
| #ifdef HAVE_STRINGS_H
| # include <strings.h>
| #endif
| #ifdef HAVE_INTTYPES_H
| # include <inttypes.h>
| #endif
| #ifdef HAVE_STDINT_H
| # include <stdint.h>
| #endif
| #ifdef HAVE_UNISTD_H
| # include <unistd.h>
| #endif
| #include <libutil.h>
configure:6550: result: no
configure:6550: checking libutil.h presence
configure:6550: gcc -E    -Werror conftest.c
conftest.c:23:21: error: libutil.h: No such file or directory
configure:6550: $? = 1
configure: failed program was:
| /* confdefs.h */
| #define PACKAGE_NAME "Xen Hypervisor"
| #define PACKAGE_TARNAME "xen-hypervisor"
| #define PACKAGE_VERSION "4.2"
| #define PACKAGE_STRING "Xen Hypervisor 4.2"
| #define PACKAGE_BUGREPORT "xen-devel@lists.xen.org"
| #define PACKAGE_URL ""
| #define STDC_HEADERS 1
| #define HAVE_SYS_TYPES_H 1
| #define HAVE_SYS_STAT_H 1
| #define HAVE_STDLIB_H 1
| #define HAVE_STRING_H 1
| #define HAVE_MEMORY_H 1
| #define HAVE_STRINGS_H 1
| #define HAVE_INTTYPES_H 1
| #define HAVE_STDINT_H 1
| #define HAVE_UNISTD_H 1
| #define HAVE_LIBPYTHON2_6 1
| #define INCLUDE_CURSES_H <ncurses.h>
| #define HAVE_LIBCRYPTO 1
| #define INCLUDE_EXTFS_H <ext2fs/ext2fs.h>
| /* end confdefs.h.  */
| #include <libutil.h>
configure:6550: result: no
configure:6550: checking for libutil.h
configure:6550: result: no
configure:6563: checking for openpty et al
configure:6592: gcc -o conftest -g -O2       -lpthread -ldl -lutil -lm -lpython2.6 conftest.c -lcrypto -lpython2.6  -lutil >&5
configure:6592: $? = 0
configure:6605: result: -lutil
configure:6610: checking for yajl_alloc in -lyajl
configure:6635: gcc -o conftest -g -O2       -lpthread -ldl -lutil -lm -lpython2.6 conftest.c -lyajl  -lcrypto -lpython2.6  -lutil >&5
configure:6635: $? = 0
configure:6644: result: yes
configure:6657: checking for deflateCopy in -lz
configure:6682: gcc -o conftest -g -O2       -lpthread -ldl -lutil -lm -lpython2.6 conftest.c -lz  -lyajl -lcrypto -lpython2.6  -lutil >&5
configure:6682: $? = 0
configure:6691: result: yes
configure:6704: checking for libiconv_open in -liconv
configure:6729: gcc -o conftest -g -O2       -lpthread -ldl -lutil -lm -lpython2.6 conftest.c -liconv  -lz -lyajl -lcrypto -lpython2.6  -lutil >&5
/usr/bin/ld: cannot find -liconv
collect2: ld returned 1 exit status
configure:6729: $? = 1
configure: failed program was:
| /* confdefs.h */
| #define PACKAGE_NAME "Xen Hypervisor"
| #define PACKAGE_TARNAME "xen-hypervisor"
| #define PACKAGE_VERSION "4.2"
| #define PACKAGE_STRING "Xen Hypervisor 4.2"
| #define PACKAGE_BUGREPORT "xen-devel@lists.xen.org"
| #define PACKAGE_URL ""
| #define STDC_HEADERS 1
| #define HAVE_SYS_TYPES_H 1
| #define HAVE_SYS_STAT_H 1
| #define HAVE_STDLIB_H 1
| #define HAVE_STRING_H 1
| #define HAVE_MEMORY_H 1
| #define HAVE_STRINGS_H 1
| #define HAVE_INTTYPES_H 1
| #define HAVE_STDINT_H 1
| #define HAVE_UNISTD_H 1
| #define HAVE_LIBPYTHON2_6 1
| #define INCLUDE_CURSES_H <ncurses.h>
| #define HAVE_LIBCRYPTO 1
| #define INCLUDE_EXTFS_H <ext2fs/ext2fs.h>
| #define HAVE_LIBYAJL 1
| #define HAVE_LIBZ 1
| /* end confdefs.h.  */
| 
| /* Override any GCC internal prototype to avoid an error.
|    Use char because int might match the return type of a GCC
|    builtin and then its argument prototype would still apply.  */
| #ifdef __cplusplus
| extern "C"
| #endif
| char libiconv_open ();
| int
| main ()
| {
| return libiconv_open ();
|   ;
|   return 0;
| }
configure:6738: result: no
configure:6751: checking yajl/yajl_version.h usability
configure:6751: gcc -c -g -O2    conftest.c >&5
conftest.c:58:31: error: yajl/yajl_version.h: No such file or directory
configure:6751: $? = 1
configure: failed program was:
| /* confdefs.h */
| #define PACKAGE_NAME "Xen Hypervisor"
| #define PACKAGE_TARNAME "xen-hypervisor"
| #define PACKAGE_VERSION "4.2"
| #define PACKAGE_STRING "Xen Hypervisor 4.2"
| #define PACKAGE_BUGREPORT "xen-devel@lists.xen.org"
| #define PACKAGE_URL ""
| #define STDC_HEADERS 1
| #define HAVE_SYS_TYPES_H 1
| #define HAVE_SYS_STAT_H 1
| #define HAVE_STDLIB_H 1
| #define HAVE_STRING_H 1
| #define HAVE_MEMORY_H 1
| #define HAVE_STRINGS_H 1
| #define HAVE_INTTYPES_H 1
| #define HAVE_STDINT_H 1
| #define HAVE_UNISTD_H 1
| #define HAVE_LIBPYTHON2_6 1
| #define INCLUDE_CURSES_H <ncurses.h>
| #define HAVE_LIBCRYPTO 1
| #define INCLUDE_EXTFS_H <ext2fs/ext2fs.h>
| #define HAVE_LIBYAJL 1
| #define HAVE_LIBZ 1
| /* end confdefs.h.  */
| #include <stdio.h>
| #ifdef HAVE_SYS_TYPES_H
| # include <sys/types.h>
| #endif
| #ifdef HAVE_SYS_STAT_H
| # include <sys/stat.h>
| #endif
| #ifdef STDC_HEADERS
| # include <stdlib.h>
| # include <stddef.h>
| #else
| # ifdef HAVE_STDLIB_H
| #  include <stdlib.h>
| # endif
| #endif
| #ifdef HAVE_STRING_H
| # if !defined STDC_HEADERS && defined HAVE_MEMORY_H
| #  include <memory.h>
| # endif
| # include <string.h>
| #endif
| #ifdef HAVE_STRINGS_H
| # include <strings.h>
| #endif
| #ifdef HAVE_INTTYPES_H
| # include <inttypes.h>
| #endif
| #ifdef HAVE_STDINT_H
| # include <stdint.h>
| #endif
| #ifdef HAVE_UNISTD_H
| # include <unistd.h>
| #endif
| #include <yajl/yajl_version.h>
configure:6751: result: no
configure:6751: checking yajl/yajl_version.h presence
configure:6751: gcc -E    conftest.c
conftest.c:25:31: error: yajl/yajl_version.h: No such file or directory
configure:6751: $? = 1
configure: failed program was:
| /* confdefs.h */
| #define PACKAGE_NAME "Xen Hypervisor"
| #define PACKAGE_TARNAME "xen-hypervisor"
| #define PACKAGE_VERSION "4.2"
| #define PACKAGE_STRING "Xen Hypervisor 4.2"
| #define PACKAGE_BUGREPORT "xen-devel@lists.xen.org"
| #define PACKAGE_URL ""
| #define STDC_HEADERS 1
| #define HAVE_SYS_TYPES_H 1
| #define HAVE_SYS_STAT_H 1
| #define HAVE_STDLIB_H 1
| #define HAVE_STRING_H 1
| #define HAVE_MEMORY_H 1
| #define HAVE_STRINGS_H 1
| #define HAVE_INTTYPES_H 1
| #define HAVE_STDINT_H 1
| #define HAVE_UNISTD_H 1
| #define HAVE_LIBPYTHON2_6 1
| #define INCLUDE_CURSES_H <ncurses.h>
| #define HAVE_LIBCRYPTO 1
| #define INCLUDE_EXTFS_H <ext2fs/ext2fs.h>
| #define HAVE_LIBYAJL 1
| #define HAVE_LIBZ 1
| /* end confdefs.h.  */
| #include <yajl/yajl_version.h>
configure:6751: result: no
configure:6751: checking for yajl/yajl_version.h
configure:6751: result: no
configure:6865: creating ./config.status

## ---------------------- ##
## Running config.status. ##
## ---------------------- ##

This file was extended by Xen Hypervisor config.status 4.2, which was
generated by GNU Autoconf 2.67.  Invocation command line was

  CONFIG_FILES    = 
  CONFIG_HEADERS  = 
  CONFIG_LINKS    = 
  CONFIG_COMMANDS = 
  $ ./config.status 

on xenserver248

config.status:882: creating ../config/Tools.mk
config.status:882: creating config.h
config.status:1056: config.h is unchanged

## ---------------- ##
## Cache variables. ##
## ---------------- ##

ac_cv_build=x86_64-unknown-linux-gnu
ac_cv_c_compiler_gnu=yes
ac_cv_env_APPEND_INCLUDES_set=
ac_cv_env_APPEND_INCLUDES_value=
ac_cv_env_APPEND_LIB_set=
ac_cv_env_APPEND_LIB_value=
ac_cv_env_AS86_set=
ac_cv_env_AS86_value=
ac_cv_env_BASH_set=set
ac_cv_env_BASH_value=/bin/sh
ac_cv_env_BCC_set=
ac_cv_env_BCC_value=
ac_cv_env_BISON_set=
ac_cv_env_BISON_value=
ac_cv_env_CC_set=
ac_cv_env_CC_value=
ac_cv_env_CFLAGS_set=
ac_cv_env_CFLAGS_value=
ac_cv_env_CPPFLAGS_set=
ac_cv_env_CPPFLAGS_value=
ac_cv_env_CPP_set=
ac_cv_env_CPP_value=
ac_cv_env_CURL_set=
ac_cv_env_CURL_value=
ac_cv_env_FLEX_set=
ac_cv_env_FLEX_value=
ac_cv_env_IASL_set=
ac_cv_env_IASL_value=
ac_cv_env_LD86_set=
ac_cv_env_LD86_value=
ac_cv_env_LDFLAGS_set=
ac_cv_env_LDFLAGS_value=
ac_cv_env_LIBS_set=
ac_cv_env_LIBS_value=
ac_cv_env_PERL_set=
ac_cv_env_PERL_value=
ac_cv_env_PKG_CONFIG_LIBDIR_set=
ac_cv_env_PKG_CONFIG_LIBDIR_value=
ac_cv_env_PKG_CONFIG_PATH_set=
ac_cv_env_PKG_CONFIG_PATH_value=
ac_cv_env_PKG_CONFIG_set=
ac_cv_env_PKG_CONFIG_value=
ac_cv_env_PREPEND_INCLUDES_set=
ac_cv_env_PREPEND_INCLUDES_value=
ac_cv_env_PREPEND_LIB_set=
ac_cv_env_PREPEND_LIB_value=
ac_cv_env_PYTHON_set=
ac_cv_env_PYTHON_value=
ac_cv_env_XGETTEXT_set=
ac_cv_env_XGETTEXT_value=
ac_cv_env_XML_set=
ac_cv_env_XML_value=
ac_cv_env_build_alias_set=
ac_cv_env_build_alias_value=
ac_cv_env_glib_CFLAGS_set=
ac_cv_env_glib_CFLAGS_value=
ac_cv_env_glib_LIBS_set=
ac_cv_env_glib_LIBS_value=
ac_cv_env_host_alias_set=
ac_cv_env_host_alias_value=
ac_cv_env_target_alias_set=
ac_cv_env_target_alias_value=
ac_cv_header_Python_h=yes
ac_cv_header_bzlib_h=yes
ac_cv_header_curses_h=yes
ac_cv_header_ext2fs_ext2fs_h=yes
ac_cv_header_ext4fs_ext2fs_h=no
ac_cv_header_inttypes_h=yes
ac_cv_header_libutil_h=no
ac_cv_header_lzma_h=yes
ac_cv_header_lzo_lzo1x_h=no
ac_cv_header_memory_h=yes
ac_cv_header_ncurses_h=yes
ac_cv_header_stdc=yes
ac_cv_header_stdint_h=yes
ac_cv_header_stdlib_h=yes
ac_cv_header_string_h=yes
ac_cv_header_strings_h=yes
ac_cv_header_sys_stat_h=yes
ac_cv_header_sys_types_h=yes
ac_cv_header_unistd_h=yes
ac_cv_header_uuid_h=yes
ac_cv_header_uuid_uuid_h=yes
ac_cv_header_yajl_yajl_version_h=no
ac_cv_host=x86_64-unknown-linux-gnu
ac_cv_lib_aio_io_setup=yes
ac_cv_lib_bz2_BZ2_bzDecompressInit=yes
ac_cv_lib_crypto_MD5=yes
ac_cv_lib_curses_clear=yes
ac_cv_lib_ext2fs_ext2fs_open2=yes
ac_cv_lib_gcrypt_gcry_md_hash_buffer=no
ac_cv_lib_iconv_libiconv_open=no
ac_cv_lib_lzma_lzma_stream_decoder=yes
ac_cv_lib_ncurses_clear=yes
ac_cv_lib_python2_6___PyArg_ParseTuple=yes
ac_cv_lib_uuid_uuid_clear=yes
ac_cv_lib_yajl_yajl_alloc=yes
ac_cv_lib_z_deflateCopy=yes
ac_cv_objext=o
ac_cv_path_AS86=/usr/bin/as86
ac_cv_path_BASH=/bin/sh
ac_cv_path_BCC=/usr/bin/bcc
ac_cv_path_EGREP='/bin/grep -E'
ac_cv_path_GREP=/bin/grep
ac_cv_path_IASL=/usr/bin/iasl
ac_cv_path_LD86=/usr/bin/ld86
ac_cv_path_PERL=/usr/bin/perl
ac_cv_path_PYTHONPATH=/usr/bin/python
ac_cv_path_XGETTEXT=/usr/bin/xgettext
ac_cv_path_ac_pt_PKG_CONFIG=/usr/bin/pkg-config
ac_cv_path_install='/usr/bin/install -c'
ac_cv_path_pyconfig=/usr/bin/python-config
ac_cv_prog_CPP='gcc -E'
ac_cv_prog_ac_ct_CC=gcc
ac_cv_prog_ac_ct_OCAML=ocaml
ac_cv_prog_ac_ct_OCAMLBUILD=ocamlbuild
ac_cv_prog_ac_ct_OCAMLC=ocamlc
ac_cv_prog_ac_ct_OCAMLCDOTOPT=ocamlc.opt
ac_cv_prog_ac_ct_OCAMLDEP=ocamldep
ac_cv_prog_ac_ct_OCAMLMKLIB=ocamlmklib
ac_cv_prog_ac_ct_OCAMLMKTOP=ocamlmktop
ac_cv_prog_ac_ct_OCAMLOPT=ocamlopt
ac_cv_prog_ac_ct_OCAMLOPTDOTOPT=ocamlopt.opt
ac_cv_prog_cc_c89=
ac_cv_prog_cc_g=yes
ac_cv_prog_make_make_set=yes
ax_cv_debug=y
ax_cv_githttp=n
ax_cv_lomount=n
ax_cv_miniterm=n
ax_cv_monitors=y
ax_cv_ocamltools=y
ax_cv_ovmf=n
ax_cv_pthread_flags=-pthread
ax_cv_ptyfuncs_libs=-lutil
ax_cv_rombios=y
ax_cv_seabios=y
ax_cv_vtpm=n
ax_cv_xenapi=n
pkg_cv_glib_CFLAGS='-I/usr/include/glib-2.0 -I/usr/lib64/glib-2.0/include  '
pkg_cv_glib_LIBS='-lglib-2.0  '

## ----------------- ##
## Output variables. ##
## ----------------- ##

APPEND_INCLUDES=''
APPEND_LIB=''
AS86='/usr/bin/as86'
BASH='/bin/sh'
BCC='/usr/bin/bcc'
BISON=''
CC='gcc'
CFLAGS='-g -O2'
CPP='gcc -E'
CPPFLAGS='  '
CURL=''
CURSES_LIBS='-lncurses'
DEFS='-DHAVE_CONFIG_H'
ECHO_C=''
ECHO_N='-n'
ECHO_T=''
EGREP='/bin/grep -E'
EXEEXT=''
EXTFS_LIBS='-lext2fs'
FLEX=''
GREP='/bin/grep'
IASL='/usr/bin/iasl'
INSTALL_DATA='${INSTALL} -m 644'
INSTALL_PROGRAM='${INSTALL}'
INSTALL_SCRIPT='${INSTALL}'
LD86='/usr/bin/ld86'
LDFLAGS='   -lpthread -ldl -lutil -lm -lpython2.6'
LIBOBJS=''
LIBS='-lz -lyajl -lcrypto -lpython2.6  -lutil'
LTLIBOBJS=''
OBJEXT='o'
OCAML='ocaml'
OCAMLBEST='opt'
OCAMLBUILD='ocamlbuild'
OCAMLC='ocamlc.opt'
OCAMLCDOTOPT='ocamlc.opt'
OCAMLDEP='ocamldep'
OCAMLDOC='no'
OCAMLLIB='/usr/lib64/ocaml'
OCAMLMKLIB='ocamlmklib'
OCAMLMKTOP='ocamlmktop'
OCAMLOPT='ocamlopt.opt'
OCAMLOPTDOTOPT='ocamlopt.opt'
OCAMLVERSION='4.00.1'
PACKAGE_BUGREPORT='xen-devel@lists.xen.org'
PACKAGE_NAME='Xen Hypervisor'
PACKAGE_STRING='Xen Hypervisor 4.2'
PACKAGE_TARNAME='xen-hypervisor'
PACKAGE_URL=''
PACKAGE_VERSION='4.2'
PATH_SEPARATOR=':'
PERL='/usr/bin/perl'
PKG_CONFIG='/usr/bin/pkg-config'
PKG_CONFIG_LIBDIR=''
PKG_CONFIG_PATH=''
PREPEND_INCLUDES=''
PREPEND_LIB=''
PTHREAD_CFLAGS='-pthread'
PTHREAD_LDFLAGS='-pthread'
PTHREAD_LIBS=''
PTYFUNCS_LIBS='-lutil'
PYTHON='python'
PYTHONPATH='/usr/bin/python'
SET_MAKE=''
SHELL='/bin/sh'
XGETTEXT='/usr/bin/xgettext'
XML=''
ac_ct_CC='gcc'
bindir='${exec_prefix}/bin'
build='x86_64-unknown-linux-gnu'
build_alias=''
build_cpu='x86_64'
build_os='linux-gnu'
build_vendor='unknown'
datadir='${datarootdir}'
datarootdir='${prefix}/share'
debug='y'
docdir='${datarootdir}/doc/${PACKAGE_TARNAME}'
dvidir='${docdir}'
exec_prefix='${prefix}'
githttp='n'
glib_CFLAGS='-I/usr/include/glib-2.0 -I/usr/lib64/glib-2.0/include  '
glib_LIBS='-lglib-2.0  '
host='x86_64-unknown-linux-gnu'
host_alias=''
host_cpu='x86_64'
host_os='linux-gnu'
host_vendor='unknown'
htmldir='${docdir}'
includedir='${prefix}/include'
infodir='${datarootdir}/info'
libdir='${exec_prefix}/lib'
libexecdir='${exec_prefix}/libexec'
libgcrypt='n'
libiconv='n'
localedir='${datarootdir}/locale'
localstatedir='${prefix}/var'
lomount='n'
mandir='${datarootdir}/man'
miniterm='n'
monitors='y'
ocamltools='y'
oldincludedir='/usr/include'
ovmf='n'
pdfdir='${docdir}'
prefix='/usr'
program_transform_name='s,x,x,'
psdir='${docdir}'
pyconfig='/usr/bin/python-config'
rombios='y'
sbindir='${exec_prefix}/sbin'
seabios='y'
sharedstatedir='${prefix}/com'
sysconfdir='${prefix}/etc'
system_aio='y'
target_alias=''
vtpm='n'
xenapi='n'
zlib=' -DHAVE_BZLIB -lbz2 -DHAVE_LZMA -llzma'

## ----------- ##
## confdefs.h. ##
## ----------- ##

/* confdefs.h */
#define PACKAGE_NAME "Xen Hypervisor"
#define PACKAGE_TARNAME "xen-hypervisor"
#define PACKAGE_VERSION "4.2"
#define PACKAGE_STRING "Xen Hypervisor 4.2"
#define PACKAGE_BUGREPORT "xen-devel@lists.xen.org"
#define PACKAGE_URL ""
#define STDC_HEADERS 1
#define HAVE_SYS_TYPES_H 1
#define HAVE_SYS_STAT_H 1
#define HAVE_STDLIB_H 1
#define HAVE_STRING_H 1
#define HAVE_MEMORY_H 1
#define HAVE_STRINGS_H 1
#define HAVE_INTTYPES_H 1
#define HAVE_STDINT_H 1
#define HAVE_UNISTD_H 1
#define HAVE_LIBPYTHON2_6 1
#define INCLUDE_CURSES_H <ncurses.h>
#define HAVE_LIBCRYPTO 1
#define INCLUDE_EXTFS_H <ext2fs/ext2fs.h>
#define HAVE_LIBYAJL 1
#define HAVE_LIBZ 1

configure: exit 0
